<?xml version="1.0" encoding="UTF-8"?>
<testng-results skipped="0" failed="0" total="1" passed="1">
  <reporter-output>
  </reporter-output>
  <suite name="Default suite" duration-ms="2200" started-at="2018-06-11T10:13:57Z" finished-at="2018-06-11T10:13:59Z">
    <groups>
    </groups>
    <test name="Default test" duration-ms="2200" started-at="2018-06-11T10:13:57Z" finished-at="2018-06-11T10:13:59Z">
      <class name="selenium.Sikuli">
        <test-method status="PASS" signature="m()[pri:0, instance:selenium.Sikuli@1c7cbad]" name="m" duration-ms="2177" started-at="2018-06-11T15:43:57Z" finished-at="2018-06-11T15:43:59Z">
          <reporter-output>
          </reporter-output>
        </test-method> <!-- m -->
      </class> <!-- selenium.Sikuli -->
    </test> <!-- Default test -->
  </suite> <!-- Default suite -->
</testng-results>
