<?xml version="1.0" encoding="UTF-8"?>
<testng-results skipped="0" failed="0" ignored="0" total="1" passed="1">
  <reporter-output>
  </reporter-output>
  <suite name="Suite" duration-ms="9507" started-at="2018-06-07T11:05:56Z" finished-at="2018-06-07T11:06:05Z">
    <groups>
    </groups>
    <test name="Test" duration-ms="9507" started-at="2018-06-07T11:05:56Z" finished-at="2018-06-07T11:06:05Z">
      <class name="Ex">
        <test-method status="PASS" signature="m()[pri:0, instance:Ex@7c16905e]" name="m" duration-ms="9482" started-at="2018-06-07T16:35:56Z" finished-at="2018-06-07T16:36:05Z">
          <reporter-output>
          </reporter-output>
        </test-method> <!-- m -->
      </class> <!-- Ex -->
    </test> <!-- Test -->
  </suite> <!-- Suite -->
</testng-results>
