<?xml version="1.0" encoding="UTF-8"?>
<testng-results skipped="0" failed="0" ignored="0" total="1" passed="1">
  <reporter-output>
  </reporter-output>
  <suite name="Default suite" duration-ms="15313" started-at="2018-07-11T08:12:25Z" finished-at="2018-07-11T08:12:41Z">
    <groups>
    </groups>
    <test name="Default test" duration-ms="15313" started-at="2018-07-11T08:12:25Z" finished-at="2018-07-11T08:12:41Z">
      <class name="keywordframework.ExecutionCode">
        <test-method status="PASS" signature="m1()[pri:0, instance:keywordframework.ExecutionCode@d80b78]" name="m1" duration-ms="15263" started-at="2018-07-11T08:12:25Z" finished-at="2018-07-11T08:12:41Z">
          <reporter-output>
          </reporter-output>
        </test-method> <!-- m1 -->
      </class> <!-- keywordframework.ExecutionCode -->
    </test> <!-- Default test -->
  </suite> <!-- Default suite -->
</testng-results>
